<?xml version="1.0" encoding="UTF-8"?>
<testng-results ignored="0" total="2" passed="2" failed="0" skipped="0">
  <reporter-output>
  </reporter-output>
  <suite started-at="2021-12-11T21:05:35Z" name="OpenCart Test Suite" finished-at="2021-12-11T21:05:43Z" duration-ms="8633">
    <groups>
      <group name="regression">
        <method signature="TC_001_AccountRegistration.testAccountRegistration()[pri:0, instance:testCases.TC_001_AccountRegistration@55ca8de8]" name="testAccountRegistration" class="testCases.TC_001_AccountRegistration"/>
      </group> <!-- regression -->
      <group name="sanity">
        <method signature="TC_002_Login.testLogin()[pri:0, instance:testCases.TC_002_Login@2c34f934]" name="testLogin" class="testCases.TC_002_Login"/>
      </group> <!-- sanity -->
      <group name="master">
        <method signature="TC_001_AccountRegistration.testAccountRegistration()[pri:0, instance:testCases.TC_001_AccountRegistration@55ca8de8]" name="testAccountRegistration" class="testCases.TC_001_AccountRegistration"/>
        <method signature="TC_002_Login.testLogin()[pri:0, instance:testCases.TC_002_Login@2c34f934]" name="testLogin" class="testCases.TC_002_Login"/>
      </group> <!-- master -->
    </groups>
    <test started-at="2021-12-11T21:05:35Z" name="ChromeTests" finished-at="2021-12-11T21:05:43Z" duration-ms="8633">
      <class name="testCases.TC_001_AccountRegistration">
        <test-method is-config="true" signature="setup(java.lang.String)[pri:0, instance:testCases.TC_001_AccountRegistration@55ca8de8]" started-at="2021-12-11T21:05:35Z" name="setup" finished-at="2021-12-11T21:05:36Z" duration-ms="1487" status="PASS">
          <params>
            <param index="0">
              <value>
                <![CDATA[chrome]]>
              </value>
            </param>
          </params>
          <reporter-output>
          </reporter-output>
        </test-method> <!-- setup -->
        <test-method signature="testAccountRegistration()[pri:0, instance:testCases.TC_001_AccountRegistration@55ca8de8]" started-at="2021-12-11T21:05:36Z" name="testAccountRegistration" finished-at="2021-12-11T21:05:39Z" duration-ms="2881" status="PASS">
          <reporter-output>
          </reporter-output>
        </test-method> <!-- testAccountRegistration -->
        <test-method is-config="true" signature="teardown()[pri:0, instance:testCases.TC_001_AccountRegistration@55ca8de8]" started-at="2021-12-11T21:05:39Z" name="teardown" finished-at="2021-12-11T21:05:39Z" duration-ms="48" status="PASS">
          <reporter-output>
          </reporter-output>
        </test-method> <!-- teardown -->
      </class> <!-- testCases.TC_001_AccountRegistration -->
      <class name="testCases.TC_002_Login">
        <test-method is-config="true" signature="setup(java.lang.String)[pri:0, instance:testCases.TC_002_Login@2c34f934]" started-at="2021-12-11T21:05:39Z" name="setup" finished-at="2021-12-11T21:05:40Z" duration-ms="857" status="PASS">
          <params>
            <param index="0">
              <value>
                <![CDATA[chrome]]>
              </value>
            </param>
          </params>
          <reporter-output>
          </reporter-output>
        </test-method> <!-- setup -->
        <test-method signature="testLogin()[pri:0, instance:testCases.TC_002_Login@2c34f934]" started-at="2021-12-11T21:05:40Z" name="testLogin" finished-at="2021-12-11T21:05:43Z" duration-ms="3178" status="PASS">
          <reporter-output>
          </reporter-output>
        </test-method> <!-- testLogin -->
        <test-method is-config="true" signature="teardown()[pri:0, instance:testCases.TC_002_Login@2c34f934]" started-at="2021-12-11T21:05:43Z" name="teardown" finished-at="2021-12-11T21:05:43Z" duration-ms="43" status="PASS">
          <reporter-output>
          </reporter-output>
        </test-method> <!-- teardown -->
      </class> <!-- testCases.TC_002_Login -->
    </test> <!-- ChromeTests -->
  </suite> <!-- OpenCart Test Suite -->
</testng-results>
